<?xml version="1.0" encoding="UTF-8"?>
<!-- Generated by org.testng.reporters.JUnitReportReporter -->
<testsuite hostname="DESKTOP-K6HL1MC" failures="0" tests="1" name="StepDefs.Login" time="6.046" errors="0" timestamp="2025-01-06T22:13:49 IST" skipped="0">
  <testcase classname="StepDefs.Login" name="onloginPage" time="6.046"/>
  <system-out/>
</testsuite> <!-- StepDefs.Login -->
