<?xml version="1.0" encoding="UTF-8"?>
<!-- Generated by org.testng.reporters.JUnitReportReporter -->
<testsuite hostname="DESKTOP-K6HL1MC" failures="0" tests="1" name="StepDefs.GetTableData" time="7.833" errors="0" timestamp="2025-01-05T23:46:27 IST" skipped="0">
  <testcase classname="StepDefs.GetTableData" name="getTabData" time="7.833"/>
  <system-out/>
</testsuite> <!-- StepDefs.GetTableData -->
